ARM GAS  /tmp/ccqxMNCV.s 			page 1


   1              		.cpu cortex-m3
   2              		.eabi_attribute 20, 1
   3              		.eabi_attribute 21, 1
   4              		.eabi_attribute 23, 3
   5              		.eabi_attribute 24, 1
   6              		.eabi_attribute 25, 1
   7              		.eabi_attribute 26, 1
   8              		.eabi_attribute 30, 2
   9              		.eabi_attribute 34, 1
  10              		.eabi_attribute 18, 4
  11              		.file	"DC_program.c"
  12              		.text
  13              		.section	.text.DCMotor_voidInit,"ax",%progbits
  14              		.align	1
  15              		.p2align 2,,3
  16              		.global	DCMotor_voidInit
  17              		.arch armv7-m
  18              		.syntax unified
  19              		.thumb
  20              		.thumb_func
  21              		.fpu softvfp
  23              	DCMotor_voidInit:
  24              		@ args = 0, pretend = 0, frame = 0
  25              		@ frame_needed = 0, uses_anonymous_args = 0
  26 0000 10B5     		push	{r4, lr}
  27 0002 0446     		mov	r4, r0
  28 0004 FFF7FEFF 		bl	GPIO_enumSETPinMODE
  29 0008 E01C     		adds	r0, r4, #3
  30 000a BDE81040 		pop	{r4, lr}
  31 000e FFF7FEBF 		b	GPIO_enumSETPinMODE
  33 0012 00BF     		.section	.text.DCMotor_voidRotate_CW,"ax",%progbits
  34              		.align	1
  35              		.p2align 2,,3
  36              		.global	DCMotor_voidRotate_CW
  37              		.syntax unified
  38              		.thumb
  39              		.thumb_func
  40              		.fpu softvfp
  42              	DCMotor_voidRotate_CW:
  43              		@ args = 0, pretend = 0, frame = 0
  44              		@ frame_needed = 0, uses_anonymous_args = 0
  45 0000 10B5     		push	{r4, lr}
  46 0002 0446     		mov	r4, r0
  47 0004 0021     		movs	r1, #0
  48 0006 0330     		adds	r0, r0, #3
  49 0008 FFF7FEFF 		bl	GPIO_enumSETPinValue
  50 000c 2046     		mov	r0, r4
  51 000e BDE81040 		pop	{r4, lr}
  52 0012 0121     		movs	r1, #1
  53 0014 FFF7FEBF 		b	GPIO_enumSETPinValue
  55              		.section	.text.DCMotor_voidRotate_CCW,"ax",%progbits
  56              		.align	1
  57              		.p2align 2,,3
  58              		.global	DCMotor_voidRotate_CCW
  59              		.syntax unified
  60              		.thumb
  61              		.thumb_func
ARM GAS  /tmp/ccqxMNCV.s 			page 2


  62              		.fpu softvfp
  64              	DCMotor_voidRotate_CCW:
  65              		@ args = 0, pretend = 0, frame = 0
  66              		@ frame_needed = 0, uses_anonymous_args = 0
  67 0000 10B5     		push	{r4, lr}
  68 0002 0446     		mov	r4, r0
  69 0004 0021     		movs	r1, #0
  70 0006 FFF7FEFF 		bl	GPIO_enumSETPinValue
  71 000a E01C     		adds	r0, r4, #3
  72 000c 0121     		movs	r1, #1
  73 000e BDE81040 		pop	{r4, lr}
  74 0012 FFF7FEBF 		b	GPIO_enumSETPinValue
  76 0016 00BF     		.section	.text.DCMotor_voidStop,"ax",%progbits
  77              		.align	1
  78              		.p2align 2,,3
  79              		.global	DCMotor_voidStop
  80              		.syntax unified
  81              		.thumb
  82              		.thumb_func
  83              		.fpu softvfp
  85              	DCMotor_voidStop:
  86              		@ args = 0, pretend = 0, frame = 0
  87              		@ frame_needed = 0, uses_anonymous_args = 0
  88 0000 10B5     		push	{r4, lr}
  89 0002 0446     		mov	r4, r0
  90 0004 0021     		movs	r1, #0
  91 0006 FFF7FEFF 		bl	GPIO_enumSETPinValue
  92 000a E01C     		adds	r0, r4, #3
  93 000c 0021     		movs	r1, #0
  94 000e BDE81040 		pop	{r4, lr}
  95 0012 FFF7FEBF 		b	GPIO_enumSETPinValue
  97 0016 00BF     		.ident	"GCC: (15:9-2019-q4-0ubuntu1) 9.2.1 20191025 (release) [ARM/arm-9-branch revision 277599]"
ARM GAS  /tmp/ccqxMNCV.s 			page 3


DEFINED SYMBOLS
                            *ABS*:0000000000000000 DC_program.c
     /tmp/ccqxMNCV.s:14     .text.DCMotor_voidInit:0000000000000000 $t
     /tmp/ccqxMNCV.s:23     .text.DCMotor_voidInit:0000000000000000 DCMotor_voidInit
     /tmp/ccqxMNCV.s:34     .text.DCMotor_voidRotate_CW:0000000000000000 $t
     /tmp/ccqxMNCV.s:42     .text.DCMotor_voidRotate_CW:0000000000000000 DCMotor_voidRotate_CW
     /tmp/ccqxMNCV.s:56     .text.DCMotor_voidRotate_CCW:0000000000000000 $t
     /tmp/ccqxMNCV.s:64     .text.DCMotor_voidRotate_CCW:0000000000000000 DCMotor_voidRotate_CCW
     /tmp/ccqxMNCV.s:77     .text.DCMotor_voidStop:0000000000000000 $t
     /tmp/ccqxMNCV.s:85     .text.DCMotor_voidStop:0000000000000000 DCMotor_voidStop

UNDEFINED SYMBOLS
GPIO_enumSETPinMODE
GPIO_enumSETPinValue
