ARM GAS  /tmp/ccrgFkwG.s 			page 1


   1              		.cpu cortex-m3
   2              		.eabi_attribute 20, 1
   3              		.eabi_attribute 21, 1
   4              		.eabi_attribute 23, 3
   5              		.eabi_attribute 24, 1
   6              		.eabi_attribute 25, 1
   7              		.eabi_attribute 26, 1
   8              		.eabi_attribute 30, 2
   9              		.eabi_attribute 34, 1
  10              		.eabi_attribute 18, 4
  11              		.file	"GPIO_program.c"
  12              		.text
  13              		.section	.text.GPIO_enumSETPinMODE,"ax",%progbits
  14              		.align	1
  15              		.p2align 2,,3
  16              		.global	GPIO_enumSETPinMODE
  17              		.arch armv7-m
  18              		.syntax unified
  19              		.thumb
  20              		.thumb_func
  21              		.fpu softvfp
  23              	GPIO_enumSETPinMODE:
  24              		@ args = 0, pretend = 0, frame = 0
  25              		@ frame_needed = 0, uses_anonymous_args = 0
  26              		@ link register save eliminated.
  27 0000 10B3     		cbz	r0, .L11
  28 0002 0278     		ldrb	r2, [r0]	@ zero_extendqisi2
  29 0004 022A     		cmp	r2, #2
  30 0006 1DD8     		bhi	.L9
  31 0008 4378     		ldrb	r3, [r0, #1]	@ zero_extendqisi2
  32 000a 0F2B     		cmp	r3, #15
  33 000c 1AD8     		bhi	.L9
  34 000e 10B4     		push	{r4}
  35 0010 8178     		ldrb	r1, [r0, #2]	@ zero_extendqisi2
  36 0012 1829     		cmp	r1, #24
  37 0014 28D0     		beq	.L15
  38 0016 0829     		cmp	r1, #8
  39 0018 2ED0     		beq	.L5
  40 001a 1B48     		ldr	r0, .L16
  41 001c 50F82200 		ldr	r0, [r0, r2, lsl #2]
  42              	.L4:
  43 0020 072B     		cmp	r3, #7
  44 0022 4FF00F04 		mov	r4, #15
  45 0026 10D8     		bhi	.L6
  46 0028 9A00     		lsls	r2, r3, #2
  47 002a 0368     		ldr	r3, [r0]
  48 002c 9440     		lsls	r4, r4, r2
  49 002e 23EA0403 		bic	r3, r3, r4
  50 0032 0360     		str	r3, [r0]
  51 0034 0468     		ldr	r4, [r0]
  52 0036 01FA02F3 		lsl	r3, r1, r2
  53 003a 2343     		orrs	r3, r3, r4
  54 003c 0360     		str	r3, [r0]
  55 003e 0120     		movs	r0, #1
  56              	.L2:
  57 0040 10BC     		pop	{r4}
  58 0042 7047     		bx	lr
ARM GAS  /tmp/ccrgFkwG.s 			page 2


  59              	.L9:
  60 0044 0020     		movs	r0, #0
  61 0046 7047     		bx	lr
  62              	.L11:
  63 0048 7047     		bx	lr
  64              	.L6:
  65 004a 083B     		subs	r3, r3, #8
  66 004c DBB2     		uxtb	r3, r3
  67 004e 4268     		ldr	r2, [r0, #4]
  68 0050 9B00     		lsls	r3, r3, #2
  69 0052 9C40     		lsls	r4, r4, r3
  70 0054 22EA0402 		bic	r2, r2, r4
  71 0058 4260     		str	r2, [r0, #4]
  72 005a 4268     		ldr	r2, [r0, #4]
  73 005c 01FA03F3 		lsl	r3, r1, r3
  74 0060 1343     		orrs	r3, r3, r2
  75 0062 4360     		str	r3, [r0, #4]
  76 0064 0120     		movs	r0, #1
  77 0066 EBE7     		b	.L2
  78              	.L15:
  79 0068 0124     		movs	r4, #1
  80 006a 0749     		ldr	r1, .L16
  81 006c 9C40     		lsls	r4, r4, r3
  82 006e 51F82200 		ldr	r0, [r1, r2, lsl #2]
  83 0072 0821     		movs	r1, #8
  84 0074 0461     		str	r4, [r0, #16]
  85 0076 D3E7     		b	.L4
  86              	.L5:
  87 0078 0124     		movs	r4, #1
  88 007a 0348     		ldr	r0, .L16
  89 007c 9C40     		lsls	r4, r4, r3
  90 007e 50F82200 		ldr	r0, [r0, r2, lsl #2]
  91 0082 4461     		str	r4, [r0, #20]
  92 0084 CCE7     		b	.L4
  93              	.L17:
  94 0086 00BF     		.align	2
  95              	.L16:
  96 0088 00000000 		.word	.LANCHOR0
  98              		.section	.text.GPIO_enumSETPinValue,"ax",%progbits
  99              		.align	1
 100              		.p2align 2,,3
 101              		.global	GPIO_enumSETPinValue
 102              		.syntax unified
 103              		.thumb
 104              		.thumb_func
 105              		.fpu softvfp
 107              	GPIO_enumSETPinValue:
 108              		@ args = 0, pretend = 0, frame = 0
 109              		@ frame_needed = 0, uses_anonymous_args = 0
 110              		@ link register save eliminated.
 111 0000 90B1     		cbz	r0, .L21
 112 0002 0378     		ldrb	r3, [r0]	@ zero_extendqisi2
 113 0004 022B     		cmp	r3, #2
 114 0006 0DD8     		bhi	.L23
 115 0008 4278     		ldrb	r2, [r0, #1]	@ zero_extendqisi2
 116 000a 0F2A     		cmp	r2, #15
 117 000c 0AD8     		bhi	.L23
ARM GAS  /tmp/ccrgFkwG.s 			page 3


 118 000e 0129     		cmp	r1, #1
 119 0010 0CD0     		beq	.L25
 120 0012 0120     		movs	r0, #1
 121 0014 91B9     		cbnz	r1, .L24
 122 0016 0A49     		ldr	r1, .L26
 123 0018 00FA02F2 		lsl	r2, r0, r2
 124 001c 51F82330 		ldr	r3, [r1, r3, lsl #2]
 125 0020 5A61     		str	r2, [r3, #20]
 126 0022 7047     		bx	lr
 127              	.L23:
 128 0024 0020     		movs	r0, #0
 129 0026 7047     		bx	lr
 130              	.L21:
 131 0028 0120     		movs	r0, #1
 132 002a 7047     		bx	lr
 133              	.L25:
 134 002c 0448     		ldr	r0, .L26
 135 002e 01FA02F2 		lsl	r2, r1, r2
 136 0032 50F82330 		ldr	r3, [r0, r3, lsl #2]
 137 0036 0846     		mov	r0, r1
 138 0038 1A61     		str	r2, [r3, #16]
 139 003a 7047     		bx	lr
 140              	.L24:
 141 003c 7047     		bx	lr
 142              	.L27:
 143 003e 00BF     		.align	2
 144              	.L26:
 145 0040 00000000 		.word	.LANCHOR0
 147              		.section	.text.GPIO_enumGETPinValue,"ax",%progbits
 148              		.align	1
 149              		.p2align 2,,3
 150              		.global	GPIO_enumGETPinValue
 151              		.syntax unified
 152              		.thumb
 153              		.thumb_func
 154              		.fpu softvfp
 156              	GPIO_enumGETPinValue:
 157              		@ args = 0, pretend = 0, frame = 0
 158              		@ frame_needed = 0, uses_anonymous_args = 0
 159              		@ link register save eliminated.
 160 0000 88B1     		cbz	r0, .L31
 161 0002 81B1     		cbz	r1, .L31
 162 0004 0378     		ldrb	r3, [r0]	@ zero_extendqisi2
 163 0006 022B     		cmp	r3, #2
 164 0008 0FD8     		bhi	.L33
 165 000a 4278     		ldrb	r2, [r0, #1]	@ zero_extendqisi2
 166 000c 0F2A     		cmp	r2, #15
 167 000e 0CD8     		bhi	.L33
 168 0010 0120     		movs	r0, #1
 169 0012 10B4     		push	{r4}
 170 0014 064C     		ldr	r4, .L38
 171 0016 54F82330 		ldr	r3, [r4, r3, lsl #2]
 172 001a 10BC     		pop	{r4}
 173 001c 9B68     		ldr	r3, [r3, #8]
 174 001e D340     		lsrs	r3, r3, r2
 175 0020 0340     		ands	r3, r3, r0
 176 0022 0B70     		strb	r3, [r1]
ARM GAS  /tmp/ccrgFkwG.s 			page 4


 177 0024 7047     		bx	lr
 178              	.L31:
 179 0026 0120     		movs	r0, #1
 180 0028 7047     		bx	lr
 181              	.L33:
 182 002a 0020     		movs	r0, #0
 183 002c 7047     		bx	lr
 184              	.L39:
 185 002e 00BF     		.align	2
 186              	.L38:
 187 0030 00000000 		.word	.LANCHOR0
 189              		.section	.rodata.GPIO_PORT,"a"
 190              		.align	2
 191              		.set	.LANCHOR0,. + 0
 194              	GPIO_PORT:
 195 0000 00080140 		.word	1073809408
 196 0004 000C0140 		.word	1073810432
 197 0008 00100140 		.word	1073811456
 198 000c 00140140 		.word	1073812480
 199 0010 00180140 		.word	1073813504
 200 0014 00000000 		.space	8
 200      00000000 
 201              		.ident	"GCC: (15:9-2019-q4-0ubuntu1) 9.2.1 20191025 (release) [ARM/arm-9-branch revision 277599]"
ARM GAS  /tmp/ccrgFkwG.s 			page 5


DEFINED SYMBOLS
                            *ABS*:0000000000000000 GPIO_program.c
     /tmp/ccrgFkwG.s:14     .text.GPIO_enumSETPinMODE:0000000000000000 $t
     /tmp/ccrgFkwG.s:23     .text.GPIO_enumSETPinMODE:0000000000000000 GPIO_enumSETPinMODE
     /tmp/ccrgFkwG.s:96     .text.GPIO_enumSETPinMODE:0000000000000088 $d
     /tmp/ccrgFkwG.s:99     .text.GPIO_enumSETPinValue:0000000000000000 $t
     /tmp/ccrgFkwG.s:107    .text.GPIO_enumSETPinValue:0000000000000000 GPIO_enumSETPinValue
     /tmp/ccrgFkwG.s:145    .text.GPIO_enumSETPinValue:0000000000000040 $d
     /tmp/ccrgFkwG.s:148    .text.GPIO_enumGETPinValue:0000000000000000 $t
     /tmp/ccrgFkwG.s:156    .text.GPIO_enumGETPinValue:0000000000000000 GPIO_enumGETPinValue
     /tmp/ccrgFkwG.s:187    .text.GPIO_enumGETPinValue:0000000000000030 $d
     /tmp/ccrgFkwG.s:190    .rodata.GPIO_PORT:0000000000000000 $d
     /tmp/ccrgFkwG.s:194    .rodata.GPIO_PORT:0000000000000000 GPIO_PORT

NO UNDEFINED SYMBOLS
