ARM GAS  /tmp/ccNr0hDx.s 			page 1


   1              		.cpu cortex-m3
   2              		.eabi_attribute 20, 1
   3              		.eabi_attribute 21, 1
   4              		.eabi_attribute 23, 3
   5              		.eabi_attribute 24, 1
   6              		.eabi_attribute 25, 1
   7              		.eabi_attribute 26, 1
   8              		.eabi_attribute 30, 2
   9              		.eabi_attribute 34, 1
  10              		.eabi_attribute 18, 4
  11              		.file	"stm32f1xx_hal_rcc_ex.c"
  12              		.text
  13              		.section	.text.HAL_RCCEx_PeriphCLKConfig,"ax",%progbits
  14              		.align	1
  15              		.p2align 2,,3
  16              		.global	HAL_RCCEx_PeriphCLKConfig
  17              		.arch armv7-m
  18              		.syntax unified
  19              		.thumb
  20              		.thumb_func
  21              		.fpu softvfp
  23              	HAL_RCCEx_PeriphCLKConfig:
  24              		@ args = 0, pretend = 0, frame = 8
  25              		@ frame_needed = 0, uses_anonymous_args = 0
  26 0000 2DE9F041 		push	{r4, r5, r6, r7, r8, lr}
  27 0004 0446     		mov	r4, r0
  28 0006 0068     		ldr	r0, [r0]
  29 0008 82B0     		sub	sp, sp, #8
  30 000a C307     		lsls	r3, r0, #31
  31 000c 2AD5     		bpl	.L2
  32 000e 394B     		ldr	r3, .L33
  33 0010 DA69     		ldr	r2, [r3, #28]
  34 0012 D700     		lsls	r7, r2, #3
  35 0014 3DD5     		bpl	.L32
  36 0016 384B     		ldr	r3, .L33+4
  37 0018 0025     		movs	r5, #0
  38 001a 1A68     		ldr	r2, [r3]
  39 001c D605     		lsls	r6, r2, #23
  40 001e 46D5     		bpl	.L4
  41              	.L10:
  42 0020 344E     		ldr	r6, .L33
  43 0022 336A     		ldr	r3, [r6, #32]
  44 0024 13F44073 		ands	r3, r3, #768
  45 0028 0FD0     		beq	.L29
  46 002a 6168     		ldr	r1, [r4, #4]
  47 002c 01F44072 		and	r2, r1, #768
  48 0030 9A42     		cmp	r2, r3
  49 0032 0BD0     		beq	.L11
  50 0034 0127     		movs	r7, #1
  51 0036 0020     		movs	r0, #0
  52 0038 336A     		ldr	r3, [r6, #32]
  53 003a 304A     		ldr	r2, .L33+8
  54 003c 23F44071 		bic	r1, r3, #768
  55 0040 1760     		str	r7, [r2]
  56 0042 1060     		str	r0, [r2]
  57 0044 3162     		str	r1, [r6, #32]
  58 0046 D907     		lsls	r1, r3, #31
ARM GAS  /tmp/ccNr0hDx.s 			page 2


  59 0048 45D4     		bmi	.L12
  60              	.L29:
  61 004a 6168     		ldr	r1, [r4, #4]
  62              	.L11:
  63 004c 294A     		ldr	r2, .L33
  64 004e 136A     		ldr	r3, [r2, #32]
  65 0050 23F44073 		bic	r3, r3, #768
  66 0054 0B43     		orrs	r3, r3, r1
  67 0056 1362     		str	r3, [r2, #32]
  68 0058 1DB1     		cbz	r5, .L30
  69 005a D369     		ldr	r3, [r2, #28]
  70 005c 23F08053 		bic	r3, r3, #268435456
  71 0060 D361     		str	r3, [r2, #28]
  72              	.L30:
  73 0062 2068     		ldr	r0, [r4]
  74              	.L2:
  75 0064 8307     		lsls	r3, r0, #30
  76 0066 06D5     		bpl	.L17
  77 0068 2249     		ldr	r1, .L33
  78 006a A368     		ldr	r3, [r4, #8]
  79 006c 4A68     		ldr	r2, [r1, #4]
  80 006e 22F44042 		bic	r2, r2, #49152
  81 0072 1A43     		orrs	r2, r2, r3
  82 0074 4A60     		str	r2, [r1, #4]
  83              	.L17:
  84 0076 10F01000 		ands	r0, r0, #16
  85 007a 07D0     		beq	.L8
  86 007c 0020     		movs	r0, #0
  87 007e 1D4A     		ldr	r2, .L33
  88 0080 E168     		ldr	r1, [r4, #12]
  89 0082 5368     		ldr	r3, [r2, #4]
  90 0084 23F48003 		bic	r3, r3, #4194304
  91 0088 0B43     		orrs	r3, r3, r1
  92 008a 5360     		str	r3, [r2, #4]
  93              	.L8:
  94 008c 02B0     		add	sp, sp, #8
  95              		@ sp needed
  96 008e BDE8F081 		pop	{r4, r5, r6, r7, r8, pc}
  97              	.L32:
  98 0092 DA69     		ldr	r2, [r3, #28]
  99 0094 0125     		movs	r5, #1
 100 0096 42F08052 		orr	r2, r2, #268435456
 101 009a DA61     		str	r2, [r3, #28]
 102 009c DB69     		ldr	r3, [r3, #28]
 103 009e 03F08053 		and	r3, r3, #268435456
 104 00a2 0193     		str	r3, [sp, #4]
 105 00a4 019B     		ldr	r3, [sp, #4]
 106 00a6 144B     		ldr	r3, .L33+4
 107 00a8 1A68     		ldr	r2, [r3]
 108 00aa D605     		lsls	r6, r2, #23
 109 00ac B8D4     		bmi	.L10
 110              	.L4:
 111 00ae 1A68     		ldr	r2, [r3]
 112 00b0 1F46     		mov	r7, r3
 113 00b2 42F48072 		orr	r2, r2, #256
 114 00b6 1A60     		str	r2, [r3]
 115 00b8 FFF7FEFF 		bl	HAL_GetTick
ARM GAS  /tmp/ccNr0hDx.s 			page 3


 116 00bc 0646     		mov	r6, r0
 117              	.L7:
 118 00be 3B68     		ldr	r3, [r7]
 119 00c0 D805     		lsls	r0, r3, #23
 120 00c2 ADD4     		bmi	.L10
 121 00c4 FFF7FEFF 		bl	HAL_GetTick
 122 00c8 831B     		subs	r3, r0, r6
 123 00ca 642B     		cmp	r3, #100
 124 00cc F7D9     		bls	.L7
 125              	.L14:
 126 00ce 0320     		movs	r0, #3
 127 00d0 02B0     		add	sp, sp, #8
 128              		@ sp needed
 129 00d2 BDE8F081 		pop	{r4, r5, r6, r7, r8, pc}
 130              	.L12:
 131 00d6 FFF7FEFF 		bl	HAL_GetTick
 132 00da 41F28838 		movw	r8, #5000
 133 00de 0746     		mov	r7, r0
 134 00e0 04E0     		b	.L13
 135              	.L15:
 136 00e2 FFF7FEFF 		bl	HAL_GetTick
 137 00e6 C01B     		subs	r0, r0, r7
 138 00e8 4045     		cmp	r0, r8
 139 00ea F0D8     		bhi	.L14
 140              	.L13:
 141 00ec 336A     		ldr	r3, [r6, #32]
 142 00ee 9A07     		lsls	r2, r3, #30
 143 00f0 F7D5     		bpl	.L15
 144 00f2 AAE7     		b	.L29
 145              	.L34:
 146              		.align	2
 147              	.L33:
 148 00f4 00100240 		.word	1073876992
 149 00f8 00700040 		.word	1073770496
 150 00fc 40044242 		.word	1111622720
 152              		.section	.text.HAL_RCCEx_GetPeriphCLKConfig,"ax",%progbits
 153              		.align	1
 154              		.p2align 2,,3
 155              		.global	HAL_RCCEx_GetPeriphCLKConfig
 156              		.syntax unified
 157              		.thumb
 158              		.thumb_func
 159              		.fpu softvfp
 161              	HAL_RCCEx_GetPeriphCLKConfig:
 162              		@ args = 0, pretend = 0, frame = 0
 163              		@ frame_needed = 0, uses_anonymous_args = 0
 164              		@ link register save eliminated.
 165 0000 1321     		movs	r1, #19
 166 0002 074B     		ldr	r3, .L36
 167 0004 1A6A     		ldr	r2, [r3, #32]
 168 0006 02F44072 		and	r2, r2, #768
 169 000a 4260     		str	r2, [r0, #4]
 170 000c 5A68     		ldr	r2, [r3, #4]
 171 000e 0160     		str	r1, [r0]
 172 0010 02F44042 		and	r2, r2, #49152
 173 0014 8260     		str	r2, [r0, #8]
 174 0016 5B68     		ldr	r3, [r3, #4]
ARM GAS  /tmp/ccNr0hDx.s 			page 4


 175 0018 03F48003 		and	r3, r3, #4194304
 176 001c C360     		str	r3, [r0, #12]
 177 001e 7047     		bx	lr
 178              	.L37:
 179              		.align	2
 180              	.L36:
 181 0020 00100240 		.word	1073876992
 183              		.section	.rodata.HAL_RCCEx_GetPeriphCLKFreq.str1.4,"aMS",%progbits,1
 184              		.align	2
 185              	.LC0:
 186 0000 02030405 		.ascii	"\002\003\004\005\006\007\010\011\012\013\014\015\016"
 186      06070809 
 186      0A0B0C0D 
 186      0E
 187 000d 0F101000 		.ascii	"\017\020\020\000"
 188              		.section	.text.HAL_RCCEx_GetPeriphCLKFreq,"ax",%progbits
 189              		.align	1
 190              		.p2align 2,,3
 191              		.global	HAL_RCCEx_GetPeriphCLKFreq
 192              		.syntax unified
 193              		.thumb
 194              		.thumb_func
 195              		.fpu softvfp
 197              	HAL_RCCEx_GetPeriphCLKFreq:
 198              		@ args = 0, pretend = 0, frame = 24
 199              		@ frame_needed = 0, uses_anonymous_args = 0
 200 0000 10B5     		push	{r4, lr}
 201 0002 0446     		mov	r4, r0
 202 0004 40F20122 		movw	r2, #513
 203 0008 86B0     		sub	sp, sp, #24
 204 000a 344B     		ldr	r3, .L57
 205 000c 0DF1180C 		add	ip, sp, #24
 206 0010 022C     		cmp	r4, #2
 207 0012 ADF80420 		strh	r2, [sp, #4]	@ movhi
 208 0016 0FCB     		ldm	r3, {r0, r1, r2, r3}
 209 0018 0CE90F00 		stmdb	ip, {r0, r1, r2, r3}
 210 001c 06D0     		beq	.L39
 211 001e 102C     		cmp	r4, #16
 212 0020 28D0     		beq	.L40
 213 0022 012C     		cmp	r4, #1
 214 0024 0ED0     		beq	.L41
 215              	.L47:
 216 0026 0020     		movs	r0, #0
 217              	.L38:
 218 0028 06B0     		add	sp, sp, #24
 219              		@ sp needed
 220 002a 10BD     		pop	{r4, pc}
 221              	.L39:
 222 002c FFF7FEFF 		bl	HAL_RCC_GetPCLK2Freq
 223 0030 2B4B     		ldr	r3, .L57+4
 224 0032 5B68     		ldr	r3, [r3, #4]
 225 0034 C3F38133 		ubfx	r3, r3, #14, #2
 226 0038 0133     		adds	r3, r3, #1
 227 003a 5B00     		lsls	r3, r3, #1
 228 003c B0FBF3F0 		udiv	r0, r0, r3
 229 0040 06B0     		add	sp, sp, #24
 230              		@ sp needed
ARM GAS  /tmp/ccNr0hDx.s 			page 5


 231 0042 10BD     		pop	{r4, pc}
 232              	.L41:
 233 0044 40F20232 		movw	r2, #770
 234 0048 2549     		ldr	r1, .L57+4
 235 004a 0B6A     		ldr	r3, [r1, #32]
 236 004c 1A40     		ands	r2, r2, r3
 237 004e B2F5817F 		cmp	r2, #258
 238 0052 33D0     		beq	.L46
 239 0054 03F44073 		and	r3, r3, #768
 240 0058 B3F5007F 		cmp	r3, #512
 241 005c 31D0     		beq	.L56
 242 005e B3F5407F 		cmp	r3, #768
 243 0062 E0D1     		bne	.L47
 244 0064 4FF22443 		movw	r3, #62500
 245 0068 0868     		ldr	r0, [r1]
 246 006a 10F40030 		ands	r0, r0, #131072
 247 006e 18BF     		it	ne
 248 0070 1846     		movne	r0, r3
 249 0072 D9E7     		b	.L38
 250              	.L40:
 251 0074 1A4B     		ldr	r3, .L57+4
 252 0076 5A68     		ldr	r2, [r3, #4]
 253 0078 1868     		ldr	r0, [r3]
 254 007a 10F08070 		ands	r0, r0, #16777216
 255 007e D3D0     		beq	.L38
 256 0080 C2F38341 		ubfx	r1, r2, #18, #4
 257 0084 06A8     		add	r0, sp, #24
 258 0086 0144     		add	r1, r1, r0
 259 0088 D203     		lsls	r2, r2, #15
 260 008a 11F8100C 		ldrb	r0, [r1, #-16]	@ zero_extendqisi2
 261 008e 20D5     		bpl	.L43
 262 0090 5B68     		ldr	r3, [r3, #4]
 263 0092 06A9     		add	r1, sp, #24
 264 0094 C3F34043 		ubfx	r3, r3, #17, #1
 265 0098 0B44     		add	r3, r3, r1
 266 009a 124A     		ldr	r2, .L57+8
 267 009c 13F8143C 		ldrb	r3, [r3, #-20]	@ zero_extendqisi2
 268 00a0 B2FBF3F3 		udiv	r3, r2, r3
 269 00a4 00FB03F0 		mul	r0, r0, r3
 270              	.L44:
 271 00a8 0D4B     		ldr	r3, .L57+4
 272 00aa 5B68     		ldr	r3, [r3, #4]
 273 00ac 5B02     		lsls	r3, r3, #9
 274 00ae BBD4     		bmi	.L38
 275 00b0 0D4B     		ldr	r3, .L57+12
 276 00b2 4000     		lsls	r0, r0, #1
 277 00b4 A3FB0030 		umull	r3, r0, r3, r0
 278 00b8 4008     		lsrs	r0, r0, #1
 279 00ba B5E7     		b	.L38
 280              	.L46:
 281 00bc 4FF40040 		mov	r0, #32768
 282 00c0 B2E7     		b	.L38
 283              	.L56:
 284 00c2 49F64043 		movw	r3, #40000
 285 00c6 486A     		ldr	r0, [r1, #36]
 286 00c8 10F00200 		ands	r0, r0, #2
 287 00cc 18BF     		it	ne
ARM GAS  /tmp/ccNr0hDx.s 			page 6


 288 00ce 1846     		movne	r0, r3
 289 00d0 AAE7     		b	.L38
 290              	.L43:
 291 00d2 064B     		ldr	r3, .L57+16
 292 00d4 03FB00F0 		mul	r0, r3, r0
 293 00d8 E6E7     		b	.L44
 294              	.L58:
 295 00da 00BF     		.align	2
 296              	.L57:
 297 00dc 00000000 		.word	.LC0
 298 00e0 00100240 		.word	1073876992
 299 00e4 00127A00 		.word	8000000
 300 00e8 ABAAAAAA 		.word	-1431655765
 301 00ec 00093D00 		.word	4000000
 303              		.ident	"GCC: (15:9-2019-q4-0ubuntu1) 9.2.1 20191025 (release) [ARM/arm-9-branch revision 277599]"
ARM GAS  /tmp/ccNr0hDx.s 			page 7


DEFINED SYMBOLS
                            *ABS*:0000000000000000 stm32f1xx_hal_rcc_ex.c
     /tmp/ccNr0hDx.s:14     .text.HAL_RCCEx_PeriphCLKConfig:0000000000000000 $t
     /tmp/ccNr0hDx.s:23     .text.HAL_RCCEx_PeriphCLKConfig:0000000000000000 HAL_RCCEx_PeriphCLKConfig
     /tmp/ccNr0hDx.s:148    .text.HAL_RCCEx_PeriphCLKConfig:00000000000000f4 $d
     /tmp/ccNr0hDx.s:153    .text.HAL_RCCEx_GetPeriphCLKConfig:0000000000000000 $t
     /tmp/ccNr0hDx.s:161    .text.HAL_RCCEx_GetPeriphCLKConfig:0000000000000000 HAL_RCCEx_GetPeriphCLKConfig
     /tmp/ccNr0hDx.s:181    .text.HAL_RCCEx_GetPeriphCLKConfig:0000000000000020 $d
     /tmp/ccNr0hDx.s:184    .rodata.HAL_RCCEx_GetPeriphCLKFreq.str1.4:0000000000000000 $d
     /tmp/ccNr0hDx.s:189    .text.HAL_RCCEx_GetPeriphCLKFreq:0000000000000000 $t
     /tmp/ccNr0hDx.s:197    .text.HAL_RCCEx_GetPeriphCLKFreq:0000000000000000 HAL_RCCEx_GetPeriphCLKFreq
     /tmp/ccNr0hDx.s:297    .text.HAL_RCCEx_GetPeriphCLKFreq:00000000000000dc $d

UNDEFINED SYMBOLS
HAL_GetTick
HAL_RCC_GetPCLK2Freq
