ARM GAS  /tmp/ccQ7Jd0i.s 			page 1


   1              		.cpu cortex-m3
   2              		.eabi_attribute 20, 1
   3              		.eabi_attribute 21, 1
   4              		.eabi_attribute 23, 3
   5              		.eabi_attribute 24, 1
   6              		.eabi_attribute 25, 1
   7              		.eabi_attribute 26, 1
   8              		.eabi_attribute 30, 1
   9              		.eabi_attribute 34, 1
  10              		.eabi_attribute 18, 4
  11              		.file	"stm32f1xx_hal_msp.c"
  12              		.text
  13              		.section	.text.HAL_MspInit,"ax",%progbits
  14              		.align	1
  15              		.global	HAL_MspInit
  16              		.arch armv7-m
  17              		.syntax unified
  18              		.thumb
  19              		.thumb_func
  20              		.fpu softvfp
  22              	HAL_MspInit:
  23              		@ args = 0, pretend = 0, frame = 8
  24              		@ frame_needed = 0, uses_anonymous_args = 0
  25              		@ link register save eliminated.
  26 0000 82B0     		sub	sp, sp, #8
  27 0002 0A4B     		ldr	r3, .L3
  28 0004 9A69     		ldr	r2, [r3, #24]
  29 0006 42F00102 		orr	r2, r2, #1
  30 000a 9A61     		str	r2, [r3, #24]
  31 000c 9A69     		ldr	r2, [r3, #24]
  32 000e 02F00102 		and	r2, r2, #1
  33 0012 0092     		str	r2, [sp]
  34 0014 009A     		ldr	r2, [sp]
  35 0016 DA69     		ldr	r2, [r3, #28]
  36 0018 42F08052 		orr	r2, r2, #268435456
  37 001c DA61     		str	r2, [r3, #28]
  38 001e DB69     		ldr	r3, [r3, #28]
  39 0020 03F08053 		and	r3, r3, #268435456
  40 0024 0193     		str	r3, [sp, #4]
  41 0026 019B     		ldr	r3, [sp, #4]
  42 0028 02B0     		add	sp, sp, #8
  43              		@ sp needed
  44 002a 7047     		bx	lr
  45              	.L4:
  46              		.align	2
  47              	.L3:
  48 002c 00100240 		.word	1073876992
  50              		.ident	"GCC: (15:9-2019-q4-0ubuntu1) 9.2.1 20191025 (release) [ARM/arm-9-branch revision 277599]"
ARM GAS  /tmp/ccQ7Jd0i.s 			page 2


DEFINED SYMBOLS
                            *ABS*:0000000000000000 stm32f1xx_hal_msp.c
     /tmp/ccQ7Jd0i.s:14     .text.HAL_MspInit:0000000000000000 $t
     /tmp/ccQ7Jd0i.s:22     .text.HAL_MspInit:0000000000000000 HAL_MspInit
     /tmp/ccQ7Jd0i.s:48     .text.HAL_MspInit:000000000000002c $d

NO UNDEFINED SYMBOLS
