ARM GAS  /tmp/cckzmnL8.s 			page 1


   1              		.cpu cortex-m3
   2              		.eabi_attribute 20, 1
   3              		.eabi_attribute 21, 1
   4              		.eabi_attribute 23, 3
   5              		.eabi_attribute 24, 1
   6              		.eabi_attribute 25, 1
   7              		.eabi_attribute 26, 1
   8              		.eabi_attribute 30, 2
   9              		.eabi_attribute 34, 1
  10              		.eabi_attribute 18, 4
  11              		.file	"stm32f1xx_hal_exti.c"
  12              		.text
  13              		.section	.text.HAL_EXTI_SetConfigLine,"ax",%progbits
  14              		.align	1
  15              		.p2align 2,,3
  16              		.global	HAL_EXTI_SetConfigLine
  17              		.arch armv7-m
  18              		.syntax unified
  19              		.thumb
  20              		.thumb_func
  21              		.fpu softvfp
  23              	HAL_EXTI_SetConfigLine:
  24              		@ args = 0, pretend = 0, frame = 0
  25              		@ frame_needed = 0, uses_anonymous_args = 0
  26              		@ link register save eliminated.
  27 0000 0028     		cmp	r0, #0
  28 0002 39D0     		beq	.L14
  29 0004 0029     		cmp	r1, #0
  30 0006 37D0     		beq	.L14
  31 0008 70B4     		push	{r4, r5, r6}
  32 000a 0124     		movs	r4, #1
  33 000c 0B68     		ldr	r3, [r1]
  34 000e 03F01F02 		and	r2, r3, #31
  35 0012 0360     		str	r3, [r0]
  36 0014 9801     		lsls	r0, r3, #6
  37 0016 04FA02F4 		lsl	r4, r4, r2
  38 001a 15D5     		bpl	.L4
  39 001c 214E     		ldr	r6, .L22
  40 001e 8868     		ldr	r0, [r1, #8]
  41 0020 B568     		ldr	r5, [r6, #8]
  42 0022 10F0010F 		tst	r0, #1
  43 0026 14BF     		ite	ne
  44 0028 2543     		orrne	r5, r5, r4
  45 002a A543     		biceq	r5, r5, r4
  46 002c B560     		str	r5, [r6, #8]
  47 002e 1D4D     		ldr	r5, .L22
  48 0030 10F0020F 		tst	r0, #2
  49 0034 E868     		ldr	r0, [r5, #12]
  50 0036 14BF     		ite	ne
  51 0038 2043     		orrne	r0, r0, r4
  52 003a A043     		biceq	r0, r0, r4
  53 003c E860     		str	r0, [r5, #12]
  54 003e 03F0C060 		and	r0, r3, #100663296
  55 0042 B0F1C06F 		cmp	r0, #100663296
  56 0046 19D0     		beq	.L20
  57              	.L4:
  58 0048 164A     		ldr	r2, .L22
ARM GAS  /tmp/cckzmnL8.s 			page 2


  59 004a 4868     		ldr	r0, [r1, #4]
  60 004c 1368     		ldr	r3, [r2]
  61 004e C107     		lsls	r1, r0, #31
  62 0050 4CBF     		ite	mi
  63 0052 2343     		orrmi	r3, r3, r4
  64 0054 A343     		bicpl	r3, r3, r4
  65 0056 10F00200 		ands	r0, r0, #2
  66 005a 1360     		str	r3, [r2]
  67 005c 114A     		ldr	r2, .L22
  68 005e 05D1     		bne	.L21
  69 0060 5368     		ldr	r3, [r2, #4]
  70 0062 23EA0404 		bic	r4, r3, r4
  71 0066 5460     		str	r4, [r2, #4]
  72 0068 70BC     		pop	{r4, r5, r6}
  73 006a 7047     		bx	lr
  74              	.L21:
  75 006c 5368     		ldr	r3, [r2, #4]
  76 006e 0020     		movs	r0, #0
  77 0070 1C43     		orrs	r4, r4, r3
  78 0072 5460     		str	r4, [r2, #4]
  79 0074 70BC     		pop	{r4, r5, r6}
  80 0076 7047     		bx	lr
  81              	.L14:
  82 0078 0120     		movs	r0, #1
  83 007a 7047     		bx	lr
  84              	.L20:
  85 007c 0F26     		movs	r6, #15
  86 007e 02F01C02 		and	r2, r2, #28
  87 0082 02F18042 		add	r2, r2, #1073741824
  88 0086 02F58032 		add	r2, r2, #65536
  89 008a 03F00303 		and	r3, r3, #3
  90 008e 9568     		ldr	r5, [r2, #8]
  91 0090 C868     		ldr	r0, [r1, #12]
  92 0092 9B00     		lsls	r3, r3, #2
  93 0094 9E40     		lsls	r6, r6, r3
  94 0096 25EA0605 		bic	r5, r5, r6
  95 009a 00FA03F3 		lsl	r3, r0, r3
  96 009e 2B43     		orrs	r3, r3, r5
  97 00a0 9360     		str	r3, [r2, #8]
  98 00a2 D1E7     		b	.L4
  99              	.L23:
 100              		.align	2
 101              	.L22:
 102 00a4 00040140 		.word	1073808384
 104              		.section	.text.HAL_EXTI_GetConfigLine,"ax",%progbits
 105              		.align	1
 106              		.p2align 2,,3
 107              		.global	HAL_EXTI_GetConfigLine
 108              		.syntax unified
 109              		.thumb
 110              		.thumb_func
 111              		.fpu softvfp
 113              	HAL_EXTI_GetConfigLine:
 114              		@ args = 0, pretend = 0, frame = 0
 115              		@ frame_needed = 0, uses_anonymous_args = 0
 116              		@ link register save eliminated.
 117 0000 0028     		cmp	r0, #0
ARM GAS  /tmp/cckzmnL8.s 			page 3


 118 0002 30D0     		beq	.L32
 119 0004 0029     		cmp	r1, #0
 120 0006 2ED0     		beq	.L32
 121 0008 0123     		movs	r3, #1
 122 000a 30B4     		push	{r4, r5}
 123 000c 0468     		ldr	r4, [r0]
 124 000e 1E48     		ldr	r0, .L46
 125 0010 0C60     		str	r4, [r1]
 126 0012 0268     		ldr	r2, [r0]
 127 0014 04F01F05 		and	r5, r4, #31
 128 0018 AB40     		lsls	r3, r3, r5
 129 001a 1A42     		tst	r2, r3
 130 001c 14BF     		ite	ne
 131 001e 0122     		movne	r2, #1
 132 0020 0022     		moveq	r2, #0
 133 0022 4A60     		str	r2, [r1, #4]
 134 0024 4068     		ldr	r0, [r0, #4]
 135 0026 1842     		tst	r0, r3
 136 0028 1CBF     		itt	ne
 137 002a 42F00202 		orrne	r2, r2, #2
 138 002e 4A60     		strne	r2, [r1, #4]
 139 0030 0022     		movs	r2, #0
 140 0032 C1E90222 		strd	r2, r2, [r1, #8]
 141 0036 A201     		lsls	r2, r4, #6
 142 0038 12D5     		bpl	.L44
 143 003a 134A     		ldr	r2, .L46
 144 003c 9268     		ldr	r2, [r2, #8]
 145 003e 1A42     		tst	r2, r3
 146 0040 1EBF     		ittt	ne
 147 0042 0122     		movne	r2, #1
 148 0044 0320     		movne	r0, #3
 149 0046 8A60     		strne	r2, [r1, #8]
 150 0048 0F4A     		ldr	r2, .L46
 151 004a 08BF     		it	eq
 152 004c 0220     		moveq	r0, #2
 153 004e D268     		ldr	r2, [r2, #12]
 154 0050 1A42     		tst	r2, r3
 155 0052 04F0C063 		and	r3, r4, #100663296
 156 0056 18BF     		it	ne
 157 0058 8860     		strne	r0, [r1, #8]
 158 005a B3F1C06F 		cmp	r3, #100663296
 159 005e 04D0     		beq	.L45
 160              	.L44:
 161 0060 30BC     		pop	{r4, r5}
 162 0062 0020     		movs	r0, #0
 163 0064 7047     		bx	lr
 164              	.L32:
 165 0066 0120     		movs	r0, #1
 166 0068 7047     		bx	lr
 167              	.L45:
 168 006a EA43     		mvns	r2, r5
 169 006c 0748     		ldr	r0, .L46+4
 170 006e AB08     		lsrs	r3, r5, #2
 171 0070 0233     		adds	r3, r3, #2
 172 0072 50F82330 		ldr	r3, [r0, r3, lsl #2]
 173 0076 02F00302 		and	r2, r2, #3
 174 007a 9200     		lsls	r2, r2, #2
ARM GAS  /tmp/cckzmnL8.s 			page 4


 175 007c 9340     		lsls	r3, r3, r2
 176 007e 1B0E     		lsrs	r3, r3, #24
 177 0080 0020     		movs	r0, #0
 178 0082 30BC     		pop	{r4, r5}
 179 0084 CB60     		str	r3, [r1, #12]
 180 0086 7047     		bx	lr
 181              	.L47:
 182              		.align	2
 183              	.L46:
 184 0088 00040140 		.word	1073808384
 185 008c 00000140 		.word	1073807360
 187              		.section	.text.HAL_EXTI_ClearConfigLine,"ax",%progbits
 188              		.align	1
 189              		.p2align 2,,3
 190              		.global	HAL_EXTI_ClearConfigLine
 191              		.syntax unified
 192              		.thumb
 193              		.thumb_func
 194              		.fpu softvfp
 196              	HAL_EXTI_ClearConfigLine:
 197              		@ args = 0, pretend = 0, frame = 0
 198              		@ frame_needed = 0, uses_anonymous_args = 0
 199              		@ link register save eliminated.
 200 0000 0028     		cmp	r0, #0
 201 0002 33D0     		beq	.L52
 202 0004 0122     		movs	r2, #1
 203 0006 0168     		ldr	r1, [r0]
 204 0008 194B     		ldr	r3, .L59
 205 000a 30B4     		push	{r4, r5}
 206 000c 1868     		ldr	r0, [r3]
 207 000e 01F01F04 		and	r4, r1, #31
 208 0012 A240     		lsls	r2, r2, r4
 209 0014 20EA0200 		bic	r0, r0, r2
 210 0018 1860     		str	r0, [r3]
 211 001a 5868     		ldr	r0, [r3, #4]
 212 001c D543     		mvns	r5, r2
 213 001e 20EA0202 		bic	r2, r0, r2
 214 0022 5A60     		str	r2, [r3, #4]
 215 0024 8A01     		lsls	r2, r1, #6
 216 0026 0BD5     		bpl	.L57
 217 0028 9868     		ldr	r0, [r3, #8]
 218 002a 01F0C062 		and	r2, r1, #100663296
 219 002e 2840     		ands	r0, r0, r5
 220 0030 9860     		str	r0, [r3, #8]
 221 0032 D868     		ldr	r0, [r3, #12]
 222 0034 B2F1C06F 		cmp	r2, #100663296
 223 0038 05EA0005 		and	r5, r5, r0
 224 003c DD60     		str	r5, [r3, #12]
 225 003e 02D0     		beq	.L58
 226              	.L57:
 227 0040 30BC     		pop	{r4, r5}
 228 0042 0020     		movs	r0, #0
 229 0044 7047     		bx	lr
 230              	.L58:
 231 0046 0F22     		movs	r2, #15
 232 0048 04F01C04 		and	r4, r4, #28
 233 004c 04F18044 		add	r4, r4, #1073741824
ARM GAS  /tmp/cckzmnL8.s 			page 5


 234 0050 04F58034 		add	r4, r4, #65536
 235 0054 01F00301 		and	r1, r1, #3
 236 0058 A368     		ldr	r3, [r4, #8]
 237 005a 8900     		lsls	r1, r1, #2
 238 005c 02FA01F1 		lsl	r1, r2, r1
 239 0060 23EA0101 		bic	r1, r3, r1
 240 0064 0020     		movs	r0, #0
 241 0066 A160     		str	r1, [r4, #8]
 242 0068 30BC     		pop	{r4, r5}
 243 006a 7047     		bx	lr
 244              	.L52:
 245 006c 0120     		movs	r0, #1
 246 006e 7047     		bx	lr
 247              	.L60:
 248              		.align	2
 249              	.L59:
 250 0070 00040140 		.word	1073808384
 252              		.section	.text.HAL_EXTI_RegisterCallback,"ax",%progbits
 253              		.align	1
 254              		.p2align 2,,3
 255              		.global	HAL_EXTI_RegisterCallback
 256              		.syntax unified
 257              		.thumb
 258              		.thumb_func
 259              		.fpu softvfp
 261              	HAL_EXTI_RegisterCallback:
 262              		@ args = 0, pretend = 0, frame = 0
 263              		@ frame_needed = 0, uses_anonymous_args = 0
 264              		@ link register save eliminated.
 265 0000 11B9     		cbnz	r1, .L63
 266 0002 4260     		str	r2, [r0, #4]
 267 0004 0846     		mov	r0, r1
 268 0006 7047     		bx	lr
 269              	.L63:
 270 0008 0120     		movs	r0, #1
 271 000a 7047     		bx	lr
 273              		.section	.text.HAL_EXTI_GetHandle,"ax",%progbits
 274              		.align	1
 275              		.p2align 2,,3
 276              		.global	HAL_EXTI_GetHandle
 277              		.syntax unified
 278              		.thumb
 279              		.thumb_func
 280              		.fpu softvfp
 282              	HAL_EXTI_GetHandle:
 283              		@ args = 0, pretend = 0, frame = 0
 284              		@ frame_needed = 0, uses_anonymous_args = 0
 285              		@ link register save eliminated.
 286 0000 10B1     		cbz	r0, .L66
 287 0002 0160     		str	r1, [r0]
 288 0004 0020     		movs	r0, #0
 289 0006 7047     		bx	lr
 290              	.L66:
 291 0008 0120     		movs	r0, #1
 292 000a 7047     		bx	lr
 294              		.section	.text.HAL_EXTI_IRQHandler,"ax",%progbits
 295              		.align	1
ARM GAS  /tmp/cckzmnL8.s 			page 6


 296              		.p2align 2,,3
 297              		.global	HAL_EXTI_IRQHandler
 298              		.syntax unified
 299              		.thumb
 300              		.thumb_func
 301              		.fpu softvfp
 303              	HAL_EXTI_IRQHandler:
 304              		@ args = 0, pretend = 0, frame = 0
 305              		@ frame_needed = 0, uses_anonymous_args = 0
 306              		@ link register save eliminated.
 307 0000 0123     		movs	r3, #1
 308 0002 0268     		ldr	r2, [r0]
 309 0004 0749     		ldr	r1, .L75
 310 0006 10B4     		push	{r4}
 311 0008 02F01F02 		and	r2, r2, #31
 312 000c 4C69     		ldr	r4, [r1, #20]
 313 000e 9340     		lsls	r3, r3, r2
 314 0010 1C42     		tst	r4, r3
 315 0012 04D0     		beq	.L67
 316 0014 4268     		ldr	r2, [r0, #4]
 317 0016 4B61     		str	r3, [r1, #20]
 318 0018 0AB1     		cbz	r2, .L67
 319 001a 10BC     		pop	{r4}
 320 001c 1047     		bx	r2	@ indirect register sibling call
 321              	.L67:
 322 001e 10BC     		pop	{r4}
 323 0020 7047     		bx	lr
 324              	.L76:
 325 0022 00BF     		.align	2
 326              	.L75:
 327 0024 00040140 		.word	1073808384
 329              		.section	.text.HAL_EXTI_GetPending,"ax",%progbits
 330              		.align	1
 331              		.p2align 2,,3
 332              		.global	HAL_EXTI_GetPending
 333              		.syntax unified
 334              		.thumb
 335              		.thumb_func
 336              		.fpu softvfp
 338              	HAL_EXTI_GetPending:
 339              		@ args = 0, pretend = 0, frame = 0
 340              		@ frame_needed = 0, uses_anonymous_args = 0
 341              		@ link register save eliminated.
 342 0000 0123     		movs	r3, #1
 343 0002 0068     		ldr	r0, [r0]
 344 0004 044A     		ldr	r2, .L78
 345 0006 00F01F00 		and	r0, r0, #31
 346 000a 5269     		ldr	r2, [r2, #20]
 347 000c 8340     		lsls	r3, r3, r0
 348 000e 1340     		ands	r3, r3, r2
 349 0010 23FA00F0 		lsr	r0, r3, r0
 350 0014 7047     		bx	lr
 351              	.L79:
 352 0016 00BF     		.align	2
 353              	.L78:
 354 0018 00040140 		.word	1073808384
 356              		.section	.text.HAL_EXTI_ClearPending,"ax",%progbits
ARM GAS  /tmp/cckzmnL8.s 			page 7


 357              		.align	1
 358              		.p2align 2,,3
 359              		.global	HAL_EXTI_ClearPending
 360              		.syntax unified
 361              		.thumb
 362              		.thumb_func
 363              		.fpu softvfp
 365              	HAL_EXTI_ClearPending:
 366              		@ args = 0, pretend = 0, frame = 0
 367              		@ frame_needed = 0, uses_anonymous_args = 0
 368              		@ link register save eliminated.
 369 0000 0123     		movs	r3, #1
 370 0002 0268     		ldr	r2, [r0]
 371 0004 0249     		ldr	r1, .L81
 372 0006 02F01F02 		and	r2, r2, #31
 373 000a 9340     		lsls	r3, r3, r2
 374 000c 4B61     		str	r3, [r1, #20]
 375 000e 7047     		bx	lr
 376              	.L82:
 377              		.align	2
 378              	.L81:
 379 0010 00040140 		.word	1073808384
 381              		.section	.text.HAL_EXTI_GenerateSWI,"ax",%progbits
 382              		.align	1
 383              		.p2align 2,,3
 384              		.global	HAL_EXTI_GenerateSWI
 385              		.syntax unified
 386              		.thumb
 387              		.thumb_func
 388              		.fpu softvfp
 390              	HAL_EXTI_GenerateSWI:
 391              		@ args = 0, pretend = 0, frame = 0
 392              		@ frame_needed = 0, uses_anonymous_args = 0
 393              		@ link register save eliminated.
 394 0000 0123     		movs	r3, #1
 395 0002 0268     		ldr	r2, [r0]
 396 0004 0249     		ldr	r1, .L84
 397 0006 02F01F02 		and	r2, r2, #31
 398 000a 9340     		lsls	r3, r3, r2
 399 000c 0B61     		str	r3, [r1, #16]
 400 000e 7047     		bx	lr
 401              	.L85:
 402              		.align	2
 403              	.L84:
 404 0010 00040140 		.word	1073808384
 406              		.ident	"GCC: (15:9-2019-q4-0ubuntu1) 9.2.1 20191025 (release) [ARM/arm-9-branch revision 277599]"
ARM GAS  /tmp/cckzmnL8.s 			page 8


DEFINED SYMBOLS
                            *ABS*:0000000000000000 stm32f1xx_hal_exti.c
     /tmp/cckzmnL8.s:14     .text.HAL_EXTI_SetConfigLine:0000000000000000 $t
     /tmp/cckzmnL8.s:23     .text.HAL_EXTI_SetConfigLine:0000000000000000 HAL_EXTI_SetConfigLine
     /tmp/cckzmnL8.s:102    .text.HAL_EXTI_SetConfigLine:00000000000000a4 $d
     /tmp/cckzmnL8.s:105    .text.HAL_EXTI_GetConfigLine:0000000000000000 $t
     /tmp/cckzmnL8.s:113    .text.HAL_EXTI_GetConfigLine:0000000000000000 HAL_EXTI_GetConfigLine
     /tmp/cckzmnL8.s:184    .text.HAL_EXTI_GetConfigLine:0000000000000088 $d
     /tmp/cckzmnL8.s:188    .text.HAL_EXTI_ClearConfigLine:0000000000000000 $t
     /tmp/cckzmnL8.s:196    .text.HAL_EXTI_ClearConfigLine:0000000000000000 HAL_EXTI_ClearConfigLine
     /tmp/cckzmnL8.s:250    .text.HAL_EXTI_ClearConfigLine:0000000000000070 $d
     /tmp/cckzmnL8.s:253    .text.HAL_EXTI_RegisterCallback:0000000000000000 $t
     /tmp/cckzmnL8.s:261    .text.HAL_EXTI_RegisterCallback:0000000000000000 HAL_EXTI_RegisterCallback
     /tmp/cckzmnL8.s:274    .text.HAL_EXTI_GetHandle:0000000000000000 $t
     /tmp/cckzmnL8.s:282    .text.HAL_EXTI_GetHandle:0000000000000000 HAL_EXTI_GetHandle
     /tmp/cckzmnL8.s:295    .text.HAL_EXTI_IRQHandler:0000000000000000 $t
     /tmp/cckzmnL8.s:303    .text.HAL_EXTI_IRQHandler:0000000000000000 HAL_EXTI_IRQHandler
     /tmp/cckzmnL8.s:327    .text.HAL_EXTI_IRQHandler:0000000000000024 $d
     /tmp/cckzmnL8.s:330    .text.HAL_EXTI_GetPending:0000000000000000 $t
     /tmp/cckzmnL8.s:338    .text.HAL_EXTI_GetPending:0000000000000000 HAL_EXTI_GetPending
     /tmp/cckzmnL8.s:354    .text.HAL_EXTI_GetPending:0000000000000018 $d
     /tmp/cckzmnL8.s:357    .text.HAL_EXTI_ClearPending:0000000000000000 $t
     /tmp/cckzmnL8.s:365    .text.HAL_EXTI_ClearPending:0000000000000000 HAL_EXTI_ClearPending
     /tmp/cckzmnL8.s:379    .text.HAL_EXTI_ClearPending:0000000000000010 $d
     /tmp/cckzmnL8.s:382    .text.HAL_EXTI_GenerateSWI:0000000000000000 $t
     /tmp/cckzmnL8.s:390    .text.HAL_EXTI_GenerateSWI:0000000000000000 HAL_EXTI_GenerateSWI
     /tmp/cckzmnL8.s:404    .text.HAL_EXTI_GenerateSWI:0000000000000010 $d

NO UNDEFINED SYMBOLS
