ARM GAS  /tmp/cc3TU5n8.s 			page 1


   1              		.cpu cortex-m3
   2              		.eabi_attribute 20, 1
   3              		.eabi_attribute 21, 1
   4              		.eabi_attribute 23, 3
   5              		.eabi_attribute 24, 1
   6              		.eabi_attribute 25, 1
   7              		.eabi_attribute 26, 1
   8              		.eabi_attribute 30, 1
   9              		.eabi_attribute 34, 1
  10              		.eabi_attribute 18, 4
  11              		.file	"stm32f1xx_it.c"
  12              		.text
  13              		.section	.text.NMI_Handler,"ax",%progbits
  14              		.align	1
  15              		.global	NMI_Handler
  16              		.arch armv7-m
  17              		.syntax unified
  18              		.thumb
  19              		.thumb_func
  20              		.fpu softvfp
  22              	NMI_Handler:
  23              		@ Volatile: function does not return.
  24              		@ args = 0, pretend = 0, frame = 0
  25              		@ frame_needed = 0, uses_anonymous_args = 0
  26              		@ link register save eliminated.
  27              	.L2:
  28 0000 FEE7     		b	.L2
  30              		.section	.text.HardFault_Handler,"ax",%progbits
  31              		.align	1
  32              		.global	HardFault_Handler
  33              		.syntax unified
  34              		.thumb
  35              		.thumb_func
  36              		.fpu softvfp
  38              	HardFault_Handler:
  39              		@ Volatile: function does not return.
  40              		@ args = 0, pretend = 0, frame = 0
  41              		@ frame_needed = 0, uses_anonymous_args = 0
  42              		@ link register save eliminated.
  43              	.L4:
  44 0000 FEE7     		b	.L4
  46              		.section	.text.MemManage_Handler,"ax",%progbits
  47              		.align	1
  48              		.global	MemManage_Handler
  49              		.syntax unified
  50              		.thumb
  51              		.thumb_func
  52              		.fpu softvfp
  54              	MemManage_Handler:
  55              		@ Volatile: function does not return.
  56              		@ args = 0, pretend = 0, frame = 0
  57              		@ frame_needed = 0, uses_anonymous_args = 0
  58              		@ link register save eliminated.
  59              	.L6:
  60 0000 FEE7     		b	.L6
  62              		.section	.text.BusFault_Handler,"ax",%progbits
  63              		.align	1
ARM GAS  /tmp/cc3TU5n8.s 			page 2


  64              		.global	BusFault_Handler
  65              		.syntax unified
  66              		.thumb
  67              		.thumb_func
  68              		.fpu softvfp
  70              	BusFault_Handler:
  71              		@ Volatile: function does not return.
  72              		@ args = 0, pretend = 0, frame = 0
  73              		@ frame_needed = 0, uses_anonymous_args = 0
  74              		@ link register save eliminated.
  75              	.L8:
  76 0000 FEE7     		b	.L8
  78              		.section	.text.UsageFault_Handler,"ax",%progbits
  79              		.align	1
  80              		.global	UsageFault_Handler
  81              		.syntax unified
  82              		.thumb
  83              		.thumb_func
  84              		.fpu softvfp
  86              	UsageFault_Handler:
  87              		@ Volatile: function does not return.
  88              		@ args = 0, pretend = 0, frame = 0
  89              		@ frame_needed = 0, uses_anonymous_args = 0
  90              		@ link register save eliminated.
  91              	.L10:
  92 0000 FEE7     		b	.L10
  94              		.section	.text.SVC_Handler,"ax",%progbits
  95              		.align	1
  96              		.global	SVC_Handler
  97              		.syntax unified
  98              		.thumb
  99              		.thumb_func
 100              		.fpu softvfp
 102              	SVC_Handler:
 103              		@ args = 0, pretend = 0, frame = 0
 104              		@ frame_needed = 0, uses_anonymous_args = 0
 105              		@ link register save eliminated.
 106 0000 7047     		bx	lr
 108              		.section	.text.DebugMon_Handler,"ax",%progbits
 109              		.align	1
 110              		.global	DebugMon_Handler
 111              		.syntax unified
 112              		.thumb
 113              		.thumb_func
 114              		.fpu softvfp
 116              	DebugMon_Handler:
 117              		@ args = 0, pretend = 0, frame = 0
 118              		@ frame_needed = 0, uses_anonymous_args = 0
 119              		@ link register save eliminated.
 120 0000 7047     		bx	lr
 122              		.section	.text.PendSV_Handler,"ax",%progbits
 123              		.align	1
 124              		.global	PendSV_Handler
 125              		.syntax unified
 126              		.thumb
 127              		.thumb_func
 128              		.fpu softvfp
ARM GAS  /tmp/cc3TU5n8.s 			page 3


 130              	PendSV_Handler:
 131              		@ args = 0, pretend = 0, frame = 0
 132              		@ frame_needed = 0, uses_anonymous_args = 0
 133              		@ link register save eliminated.
 134 0000 7047     		bx	lr
 136              		.section	.text.SysTick_Handler,"ax",%progbits
 137              		.align	1
 138              		.global	SysTick_Handler
 139              		.syntax unified
 140              		.thumb
 141              		.thumb_func
 142              		.fpu softvfp
 144              	SysTick_Handler:
 145              		@ args = 0, pretend = 0, frame = 0
 146              		@ frame_needed = 0, uses_anonymous_args = 0
 147 0000 08B5     		push	{r3, lr}
 148 0002 FFF7FEFF 		bl	HAL_IncTick
 149 0006 08BD     		pop	{r3, pc}
 151              		.ident	"GCC: (15:9-2019-q4-0ubuntu1) 9.2.1 20191025 (release) [ARM/arm-9-branch revision 277599]"
ARM GAS  /tmp/cc3TU5n8.s 			page 4


DEFINED SYMBOLS
                            *ABS*:0000000000000000 stm32f1xx_it.c
     /tmp/cc3TU5n8.s:14     .text.NMI_Handler:0000000000000000 $t
     /tmp/cc3TU5n8.s:22     .text.NMI_Handler:0000000000000000 NMI_Handler
     /tmp/cc3TU5n8.s:31     .text.HardFault_Handler:0000000000000000 $t
     /tmp/cc3TU5n8.s:38     .text.HardFault_Handler:0000000000000000 HardFault_Handler
     /tmp/cc3TU5n8.s:47     .text.MemManage_Handler:0000000000000000 $t
     /tmp/cc3TU5n8.s:54     .text.MemManage_Handler:0000000000000000 MemManage_Handler
     /tmp/cc3TU5n8.s:63     .text.BusFault_Handler:0000000000000000 $t
     /tmp/cc3TU5n8.s:70     .text.BusFault_Handler:0000000000000000 BusFault_Handler
     /tmp/cc3TU5n8.s:79     .text.UsageFault_Handler:0000000000000000 $t
     /tmp/cc3TU5n8.s:86     .text.UsageFault_Handler:0000000000000000 UsageFault_Handler
     /tmp/cc3TU5n8.s:95     .text.SVC_Handler:0000000000000000 $t
     /tmp/cc3TU5n8.s:102    .text.SVC_Handler:0000000000000000 SVC_Handler
     /tmp/cc3TU5n8.s:109    .text.DebugMon_Handler:0000000000000000 $t
     /tmp/cc3TU5n8.s:116    .text.DebugMon_Handler:0000000000000000 DebugMon_Handler
     /tmp/cc3TU5n8.s:123    .text.PendSV_Handler:0000000000000000 $t
     /tmp/cc3TU5n8.s:130    .text.PendSV_Handler:0000000000000000 PendSV_Handler
     /tmp/cc3TU5n8.s:137    .text.SysTick_Handler:0000000000000000 $t
     /tmp/cc3TU5n8.s:144    .text.SysTick_Handler:0000000000000000 SysTick_Handler

UNDEFINED SYMBOLS
HAL_IncTick
